<?xml version="1.0" encoding="UTF-8" ?>
<testsuite tests="1" failures="0" name="Version1.Jira_API.AppTest" time="0.003" errors="0" skipped="0">
  <properties>
    <property name="PROCESSOR_ARCHITECTURE" value="AMD64"/>
    <property name="LOGONSERVER" value="\\SST-ADC-01"/>
    <property name="ProgramData" value="C:\ProgramData"/>
    <property name="java.home" value="C:\Program Files\Java\jdk-11.0.15.1"/>
    <property name="NODE_NAME" value="built-in"/>
    <property name="JENKINS_URL" value="http://localhost:8080/"/>
    <property name="ALLUSERSPROFILE" value="C:\ProgramData"/>
    <property name="OneDriveCommercial" value="C:\Users\manimaran.e\OneDrive - SrinSoft Technologies Pvt Ltd"/>
    <property name="PSModulePath" value="C:\Program Files\WindowsPowerShell\Modules;C:\WINDOWS\system32\WindowsPowerShell\v1.0\Modules"/>
    <property name="=::" value="::\"/>
    <property name="USERDOMAIN" value="SRINSOFTTECH"/>
    <property name="sun.os.patch.level" value=""/>
    <property name="java.vendor.url" value="https://openjdk.java.net/"/>
    <property name="CommonProgramFiles(x86)" value="C:\Program Files (x86)\Common Files"/>
    <property name="java.version" value="11.0.15.1"/>
    <property name="JOB_NAME" value="Jira_API_Report"/>
    <property name="COMPUTERNAME" value="SST-TOWER-022"/>
    <property name="java.vendor.url.bug" value="https://bugreport.java.com/bugreport/"/>
    <property name="PUBLIC" value="C:\Users\Public"/>
    <property name="java.version.date" value="2022-04-22"/>
    <property name="jdk.debug" value="release"/>
    <property name="user.name" value="Manimaran.E"/>
    <property name="sun.io.unicode.encoding" value="UnicodeLittle"/>
    <property name="sun.jnu.encoding" value="Cp1252"/>
    <property name="java.runtime.name" value="Java(TM) SE Runtime Environment"/>
    <property name="windir" value="C:\WINDOWS"/>
    <property name="SW_SIM_MPIT" value="INTELMPI"/>
    <property name="PROCESSOR_IDENTIFIER" value="Intel64 Family 6 Model 85 Stepping 4, GenuineIntel"/>
    <property name="IntelliJ IDEA Community Edition" value="C:\Program Files\JetBrains\IntelliJ IDEA Community Edition 2022.2.1\bin;"/>
    <property name="java.specification.name" value="Java Platform API Specification"/>
    <property name="LOCALAPPDATA" value="C:\Users\manimaran.e\AppData\Local"/>
    <property name="RUN_CHANGES_DISPLAY_URL" value="http://localhost:8080/job/Jira_API_Report/7/display/redirect?page=changes"/>
    <property name="user.timezone" value="Asia/Calcutta"/>
    <property name="user.script" value=""/>
    <property name="path.separator" value=";"/>
    <property name="NUMBER_OF_PROCESSORS" value="16"/>
    <property name="BUILD_TAG" value="jenkins-Jira_API_Report-7"/>
    <property name="file.encoding" value="Cp1252"/>
    <property name="sun.java.command" value="jenkins.maven3.agent.Maven35Main C:\Users\manimaran.e\.jenkins\tools\hudson.tasks.Maven_MavenInstallation\Maven_3.6.3 C:\Users\manimaran.e\.jenkins\war\WEB-INF\lib\remoting-3071.v7e9b_0dc08466.jar C:\Users\manimaran.e\.jenkins\plugins\maven-plugin\WEB-INF\lib\maven35-interceptor-1.14.jar C:\Users\manimaran.e\.jenkins\plugins\maven-plugin\WEB-INF\lib\maven3-interceptor-commons-1.14.jar 60751"/>
    <property name="HUDSON_URL" value="http://localhost:8080/"/>
    <property name="JENKINS_SERVER_COOKIE" value="89964ebd651d398a"/>
    <property name="=D:" value="D:\Software"/>
    <property name="EXECUTOR_NUMBER" value="1"/>
    <property name="Path" value="C:\Program Files\Java\jdk-11.0.15.1/bin;C:\Program Files\Common Files\Oracle\Java\javapath;C:\Program Files (x86)\NVIDIA Corporation\PhysX\Common;C:\WINDOWS\system32;C:\WINDOWS;C:\WINDOWS\System32\Wbem;C:\WINDOWS\System32\WindowsPowerShell\v1.0\;C:\WINDOWS\System32\OpenSSH\;C:\Program Files\Microsoft SQL Server\120\Tools\Binn\;C:\Program Files\Common Files\Autodesk Shared\;C:\Program Files (x86)\Windows Kits\8.1\Windows Performance Toolkit\;C:\Program Files\TortoiseSVN\bin;C:\Program Files (x86)\OpenCTM 1.0.3\bin;C:\apache-maven-3.6.3\bin;C:\Program Files\Java\jdk-11.0.15.1\bin;C:\Program Files\nodejs\;C:\Program Files\Git\cmd;D:\Software\apache-jmeter-5.1\apache-jmeter-5.1\bin;C:\Users\manimaran.e\AppData\Local\Microsoft\WindowsApps;C:\Users\manimaran.e\AppData\Local\Programs\Microsoft VS Code\bin;C:\Users\manimaran.e\AppData\Local\Programs\Fiddler;C:\Program Files\JetBrains\IntelliJ IDEA Community Edition 2022.2.1\bin;;D:\jmeter\apache-jmeter-5.5\bin;;C:\Users\manimaran.e\AppData\Local\Microsoft\WindowsApps"/>
    <property name="java.io.tmpdir" value="C:\Users\MANIMA~1.E\AppData\Local\Temp\"/>
    <property name="APPDATA" value="C:\Users\manimaran.e\AppData\Roaming"/>
    <property name="user.language" value="en"/>
    <property name="line.separator" value="
"/>
    <property name="BUILD_URL" value="http://localhost:8080/job/Jira_API_Report/7/"/>
    <property name="M2_HOME" value="C:\Users\manimaran.e\.jenkins\tools\hudson.tasks.Maven_MavenInstallation\Maven_3.6.3"/>
    <property name="SW_SIM_HYDRA" value="C:\Program Files\Common Files\SolidWorks Shared\Simulation Worker Agent\"/>
    <property name="java.vm.info" value="mixed mode"/>
    <property name="DriverData" value="C:\Windows\System32\Drivers\DriverData"/>
    <property name="sun.desktop" value="windows"/>
    <property name="java.vm.specification.name" value="Java Virtual Machine Specification"/>
    <property name="CI" value="true"/>
    <property name="BUILD_DISPLAY_NAME" value="#7"/>
    <property name="OS" value="Windows_NT"/>
    <property name="guice.disable.misplaced.annotation.check" value="true"/>
    <property name="HUDSON_SERVER_COOKIE" value="89964ebd651d398a"/>
    <property name="WORKSPACE_TMP" value="C:\Users\manimaran.e\.jenkins\workspace\Jira_API_Report@tmp"/>
    <property name="MAVEN_HOME" value="C:\Users\manimaran.e\.jenkins\tools\hudson.tasks.Maven_MavenInstallation\Maven_3.6.3"/>
    <property name="SESSIONNAME" value="Console"/>
    <property name="PATHEXT" value=".COM;.EXE;.BAT;.CMD;.VBS;.VBE;.JS;.JSE;.WSF;.WSH;.MSC"/>
    <property name="java.awt.printerjob" value="sun.awt.windows.WPrinterJob"/>
    <property name="maven3.interceptor.common" value="C:\Users\manimaran.e\.jenkins\plugins\maven-plugin\WEB-INF\lib\maven3-interceptor-commons-1.14.jar"/>
    <property name="CLASSPATH" value=""/>
    <property name="HOMEPATH" value="\"/>
    <property name="=Z:" value="Z:\"/>
    <property name="os.name" value="Windows 11"/>
    <property name="java.specification.vendor" value="Oracle Corporation"/>
    <property name="OMP_NUM_THREADS" value="16"/>
    <property name="BUILD_NUMBER" value="7"/>
    <property name="java.vm.name" value="Java HotSpot(TM) 64-Bit Server VM"/>
    <property name="ADSK_CLM_WPAD_PROXY_CHECK" value="FALSE"/>
    <property name="maven3.interceptor" value="C:\Users\manimaran.e\.jenkins\plugins\maven-plugin\WEB-INF\lib\maven35-interceptor-1.14.jar"/>
    <property name="java.library.path" value="C:\Program Files\Java\jdk-11.0.15.1\bin;C:\WINDOWS\Sun\Java\bin;C:\WINDOWS\system32;C:\WINDOWS;C:\Users\manimaran.e\.jenkins\tools\hudson.tasks.Maven_MavenInstallation\Maven_3.6.3/bin;C:\Program Files\Java\jdk-11.0.15.1/bin;C:\Program Files\Java\jdk-11.0.15.1/bin;C:\Program Files\Common Files\Oracle\Java\javapath;C:\Program Files (x86)\NVIDIA Corporation\PhysX\Common;C:\WINDOWS\system32;C:\WINDOWS;C:\WINDOWS\System32\Wbem;C:\WINDOWS\System32\WindowsPowerShell\v1.0\;C:\WINDOWS\System32\OpenSSH\;C:\Program Files\Microsoft SQL Server\120\Tools\Binn\;C:\Program Files\Common Files\Autodesk Shared\;C:\Program Files (x86)\Windows Kits\8.1\Windows Performance Toolkit\;C:\Program Files\TortoiseSVN\bin;C:\Program Files (x86)\OpenCTM 1.0.3\bin;C:\apache-maven-3.6.3\bin;C:\Program Files\Java\jdk-11.0.15.1\bin;C:\Program Files\nodejs\;C:\Program Files\Git\cmd;D:\Software\apache-jmeter-5.1\apache-jmeter-5.1\bin;C:\Users\manimaran.e\AppData\Local\Microsoft\WindowsApps;C:\Users\manimaran.e\AppData\Local\Programs\Microsoft VS Code\bin;C:\Users\manimaran.e\AppData\Local\Programs\Fiddler;C:\Program Files\JetBrains\IntelliJ IDEA Community Edition 2022.2.1\bin;;D:\jmeter\apache-jmeter-5.5\bin;;C:\Users\manimaran.e\AppData\Local\Microsoft\WindowsApps;."/>
    <property name="HOMEDRIVE" value="Z:"/>
    <property name="HOMESHARE" value="\\SST-FSERVER-01\Manimaran.E$"/>
    <property name="POM_GROUPID" value="CloudBLM"/>
    <property name="POM_ARTIFACTID" value="test_prac"/>
    <property name="java.class.version" value="55.0"/>
    <property name="JOB_URL" value="http://localhost:8080/job/Jira_API_Report/"/>
    <property name="OneDrive" value="C:\Users\manimaran.e\OneDrive - SrinSoft Technologies Pvt Ltd"/>
    <property name="RUN_DISPLAY_URL" value="http://localhost:8080/job/Jira_API_Report/7/display/redirect"/>
    <property name="JENKINS_HOME" value="C:\Users\manimaran.e\.jenkins"/>
    <property name="BUILD_ID" value="7"/>
    <property name="TEMP" value="C:\Users\MANIMA~1.E\AppData\Local\Temp"/>
    <property name="sun.boot.library.path" value="C:\Program Files\Java\jdk-11.0.15.1\bin"/>
    <property name="sun.management.compiler" value="HotSpot 64-Bit Tiered Compilers"/>
    <property name="java.awt.graphicsenv" value="sun.awt.Win32GraphicsEnvironment"/>
    <property name="user.variant" value=""/>
    <property name="PROCESSOR_REVISION" value="5504"/>
    <property name="POM_VERSION" value="0.0.1-SNAPSHOT"/>
    <property name="HUDSON_HOME" value="C:\Users\manimaran.e\.jenkins"/>
    <property name="ProgramFiles(x86)" value="C:\Program Files (x86)"/>
    <property name="PATH+MAVEN" value="C:\Users\manimaran.e\.jenkins\tools\hudson.tasks.Maven_MavenInstallation\Maven_3.6.3/bin"/>
    <property name="USERDOMAIN_ROAMINGPROFILE" value="SRINSOFTTECH"/>
    <property name="RUN_ARTIFACTS_DISPLAY_URL" value="http://localhost:8080/job/Jira_API_Report/7/display/redirect?page=artifacts"/>
    <property name="PROMPT" value="$P$G"/>
    <property name="java.vm.specification.version" value="11"/>
    <property name="JAVA_HOME" value="C:\Program Files\Java\jdk-11.0.15.1"/>
    <property name="awt.toolkit" value="sun.awt.windows.WToolkit"/>
    <property name="NODE_LABELS" value="built-in"/>
    <property name="sun.cpu.isalist" value="amd64"/>
    <property name="USERPROFILE" value="C:\Users\manimaran.e"/>
    <property name="java.vm.compressedOopsMode" value="Zero based"/>
    <property name="JOB_DISPLAY_URL" value="http://localhost:8080/job/Jira_API_Report/display/redirect"/>
    <property name="os.version" value="10.0"/>
    <property name="user.home" value="C:\Users\manimaran.e"/>
    <property name="USERNAME" value="Manimaran.E"/>
    <property name="java.vm.vendor" value="Oracle Corporation"/>
    <property name="PROCESSOR_LEVEL" value="6"/>
    <property name="USERDNSDOMAIN" value="SRINSOFTTECH.LAN"/>
    <property name="CommonProgramW6432" value="C:\Program Files\Common Files"/>
    <property name="user.dir" value="D:\Selenium files\Workspace\Jira_API"/>
    <property name="maven.conf" value="C:\Users\manimaran.e\.jenkins\tools\hudson.tasks.Maven_MavenInstallation\Maven_3.6.3\conf"/>
    <property name="ProgramW6432" value="C:\Program Files"/>
    <property name="TMP" value="C:\Users\MANIMA~1.E\AppData\Local\Temp"/>
    <property name="sun.cpu.endian" value="little"/>
    <property name="SystemDrive" value="C:"/>
    <property name="java.vm.version" value="11.0.15.1+2-LTS-10"/>
    <property name="java.class.path" value="C:\Users\manimaran.e\.jenkins\plugins\maven-plugin\WEB-INF\lib\maven35-agent-1.14.jar;C:\Users\manimaran.e\.jenkins\tools\hudson.tasks.Maven_MavenInstallation\Maven_3.6.3\boot\plexus-classworlds-2.6.0.jar;C:\Users\manimaran.e\.jenkins\tools\hudson.tasks.Maven_MavenInstallation\Maven_3.6.3/conf/logging"/>
    <property name="org.slf4j.simpleLogger.defaultLogLevel" value="info"/>
    <property name="os.arch" value="amd64"/>
    <property name="WORKSPACE" value="C:\Users\manimaran.e\.jenkins\workspace\Jira_API_Report"/>
    <property name="ComSpec" value="C:\WINDOWS\system32\cmd.exe"/>
    <property name="RUN_TESTS_DISPLAY_URL" value="http://localhost:8080/job/Jira_API_Report/7/display/redirect?page=tests"/>
    <property name="sun.java.launcher" value="SUN_STANDARD"/>
    <property name="FPS_BROWSER_APP_PROFILE_STRING" value="Internet Explorer"/>
    <property name="SystemRoot" value="C:\WINDOWS"/>
    <property name="CommonProgramFiles" value="C:\Program Files\Common Files"/>
    <property name="java.vm.specification.vendor" value="Oracle Corporation"/>
    <property name="FPS_BROWSER_USER_PROFILE_STRING" value="Default"/>
    <property name="file.separator" value="\"/>
    <property name="JMETER_HOME" value="D:\jmeter\apache-jmeter-5.5"/>
    <property name="java.runtime.version" value="11.0.15.1+2-LTS-10"/>
    <property name="ProgramFiles" value="C:\Program Files"/>
    <property name="PATH+JDK" value="C:\Program Files\Java\jdk-11.0.15.1/bin"/>
    <property name="user.country" value="US"/>
    <property name="POM_PACKAGING" value="jar"/>
    <property name="maven.home" value="C:\Users\manimaran.e\.jenkins\tools\hudson.tasks.Maven_MavenInstallation\Maven_3.6.3"/>
    <property name="JOB_BASE_NAME" value="Jira_API_Report"/>
    <property name="java.vendor.version" value="18.9"/>
    <property name="java.vendor" value="Oracle Corporation"/>
    <property name="java.specification.version" value="11"/>
    <property name="POM_DISPLAYNAME" value="test_prac"/>
    <property name="sun.arch.data.model" value="64"/>
    <property name="SW_SIM_TEMP" value="C:\ProgramData\SOLIDWORKS\SW_net_sim_temp\"/>
  </properties>
  <testcase classname="Version1.Jira_API.AppTest" name="testApp" time="0.003"/>
</testsuite>