<?xml version="1.0" encoding="UTF-8"?>
<!-- Generated by org.testng.reporters.JUnitReportReporter -->
<testsuite skipped="0" hostname="SSTLAP095" name="Version1.Jira_API.RunnerClass" tests="1" failures="0" timestamp="30 Dec 2022 09:18:04 GMT" time="12.101" errors="0">
  <testcase name="sendreport" time="12.101" classname="Version1.Jira_API.RunnerClass"/>
</testsuite> <!-- Version1.Jira_API.RunnerClass -->
