<?xml version="1.0" encoding="UTF-8"?>
<!-- Generated by org.testng.reporters.JUnitReportReporter -->
<testsuite hostname="SST-TOWER-022" failures="0" tests="1" name="Version1.Jira_API.RunnerClass" time="10.478" errors="0" timestamp="05 Dec 2022 04:25:19 GMT" skipped="0">
  <testcase classname="Version1.Jira_API.RunnerClass" name="sendreport" time="10.478"/>
</testsuite> <!-- Version1.Jira_API.RunnerClass -->
